2026-01-14 11:47:56 INFO  utils.utility - Request specification created with baseUrl: https://lms-hackathon-nov-2025-8dd40899c026.herokuapp.com/lms
2026-01-14 11:47:56 INFO  stepdefinitions.UserSteps - Login request created for email: team3@gmail.com
2026-01-14 11:47:58 INFO  stepdefinitions.UserSteps - Login request created for email: &^%$$$$team3@gmail.com
2026-01-14 11:47:59 INFO  stepdefinitions.UserSteps - Login request created for email: team3@gmail.com
2026-01-14 11:47:59 INFO  stepdefinitions.UserSteps - Login request created for email: team3@hotmail.com.com
2026-01-14 11:47:59 INFO  stepdefinitions.UserSteps - Login request created for email: 222222222222222
2026-01-14 11:48:00 INFO  stepdefinitions.UserSteps - Login request created for email: team3@gmail.com
2026-01-14 11:48:00 INFO  stepdefinitions.UserSteps - Login request created for email: 
2026-01-14 11:48:01 INFO  stepdefinitions.UserSteps - Login request created for email: team3@gmail.com
2026-01-14 11:48:01 INFO  stepdefinitions.UserSteps - Login request created for email: { "userLoginEmailId": "team3@gmail.com", "password": "ApiHackathon2@3" }
2026-01-14 11:48:01 INFO  utils.utility - Request specification created with custom baseUrl: https://lms-hackathon.herokuapp.com/lms
2026-01-14 11:48:02 INFO  stepdefinitions.UserSteps - Login request created for email: team3@gmail.com
2026-01-14 11:48:03 INFO  stepdefinitions.UserSteps - Login request created for email: team3@gmail.com
2026-01-14 12:00:11 INFO  utils.utility - Request specification created with baseUrl: https://lms-hackathon-nov-2025-8dd40899c026.herokuapp.com/lms
2026-01-14 12:00:11 INFO  stepdefinitions.UserSteps - Login request created for email: team3@gmail.com
2026-01-14 12:00:13 INFO  stepdefinitions.UserSteps - Expected Status: 200, Actual Status: 200
2026-01-14 12:00:13 INFO  stepdefinitions.UserSteps - Login request created for email: &^%$$$$team3@gmail.com
2026-01-14 12:00:14 INFO  stepdefinitions.UserSteps - Login request created for email: team3@gmail.com
2026-01-14 12:00:14 INFO  stepdefinitions.UserSteps - Login request created for email: team3@hotmail.com.com
2026-01-14 12:00:15 INFO  stepdefinitions.UserSteps - Login request created for email: 222222222222222
2026-01-14 12:00:15 INFO  stepdefinitions.UserSteps - Login request created for email: team3@gmail.com
2026-01-14 12:00:15 INFO  stepdefinitions.UserSteps - Login request created for email: 
2026-01-14 12:00:16 INFO  stepdefinitions.UserSteps - Login request created for email: team3@gmail.com
2026-01-14 12:00:16 INFO  stepdefinitions.UserSteps - Login request created for email: { "userLoginEmailId": "team3@gmail.com", "password": "ApiHackathon2@3" }
2026-01-14 12:00:16 INFO  utils.utility - Request specification created with custom baseUrl: https://lms-hackathon.herokuapp.com/lms
2026-01-14 12:00:17 INFO  stepdefinitions.UserSteps - Login request created for email: team3@gmail.com
2026-01-14 12:00:18 INFO  stepdefinitions.UserSteps - Login request created for email: team3@gmail.com
2026-01-14 12:02:46 INFO  utils.utility - Request specification created with baseUrl: https://lms-hackathon-nov-2025-8dd40899c026.herokuapp.com/lms
2026-01-14 12:02:46 INFO  stepdefinitions.UserSteps - Login request created for email: team3@gmail.com
2026-01-14 12:02:48 INFO  stepdefinitions.UserSteps - Expected Status: 200, Actual Status: 200
2026-01-14 12:02:48 INFO  stepdefinitions.UserSteps - Login request created for email: &^%$$$$team3@gmail.com
2026-01-14 12:02:49 INFO  stepdefinitions.UserSteps - Login request created for email: team3@gmail.com
2026-01-14 12:02:49 INFO  stepdefinitions.UserSteps - Login request created for email: team3@hotmail.com.com
2026-01-14 12:02:49 INFO  stepdefinitions.UserSteps - Login request created for email: 222222222222222
2026-01-14 12:02:50 INFO  stepdefinitions.UserSteps - Login request created for email: team3@gmail.com
2026-01-14 12:02:50 INFO  stepdefinitions.UserSteps - Login request created for email: 
2026-01-14 12:02:50 INFO  stepdefinitions.UserSteps - Login request created for email: team3@gmail.com
2026-01-14 12:02:51 INFO  stepdefinitions.UserSteps - Login request created for email: { "userLoginEmailId": "team3@gmail.com", "password": "ApiHackathon2@3" }
2026-01-14 12:02:51 INFO  utils.utility - Request specification created with custom baseUrl: https://lms-hackathon.herokuapp.com/lms
2026-01-14 12:02:52 INFO  stepdefinitions.UserSteps - Login request created for email: team3@gmail.com
2026-01-14 12:02:53 INFO  stepdefinitions.UserSteps - Login request created for email: team3@gmail.com
2026-01-14 12:09:38 INFO  utils.utility - Request specification created with baseUrl: https://lms-hackathon-nov-2025-8dd40899c026.herokuapp.com/lms
2026-01-14 12:09:39 INFO  stepdefinitions.UserSteps - Login request created for email: team3@gmail.com
2026-01-14 12:09:41 INFO  stepdefinitions.UserSteps - Expected Status: 200, Actual Status: 200
2026-01-14 12:09:41 INFO  stepdefinitions.UserSteps - Login request created for email: &^%$$$$team3@gmail.com
2026-01-14 12:09:41 INFO  stepdefinitions.UserSteps - Login request created for email: team3@gmail.com
2026-01-14 12:09:42 INFO  stepdefinitions.UserSteps - Login request created for email: team3@hotmail.com.com
2026-01-14 12:09:42 INFO  stepdefinitions.UserSteps - Login request created for email: 222222222222222
2026-01-14 12:09:42 INFO  stepdefinitions.UserSteps - Login request created for email: team3@gmail.com
2026-01-14 12:09:43 INFO  stepdefinitions.UserSteps - Login request created for email: 
2026-01-14 12:09:43 INFO  stepdefinitions.UserSteps - Login request created for email: team3@gmail.com
2026-01-14 12:09:43 INFO  stepdefinitions.UserSteps - Login request created for email: { "userLoginEmailId": "team3@gmail.com", "password": "ApiHackathon2@3" }
2026-01-14 12:09:44 INFO  utils.utility - Request specification created with custom baseUrl: https://lms-hackathon.herokuapp.com/lms
2026-01-14 12:09:45 INFO  stepdefinitions.UserSteps - Login request created for email: team3@gmail.com
2026-01-14 12:09:45 INFO  stepdefinitions.UserSteps - Login request created for email: team3@gmail.com
